<?xml version="1.0" encoding="UTF-8"?>
<!-- Generated by org.testng.reporters.JUnitReportReporter -->
<testsuite hostname="amish-pc" name="com.mycompany.module.MavenTest" tests="1" failures="0" timestamp="25 Jul 2017 08:37:18 GMT" time="0.113" errors="0">
  <testcase name="testSomething" time="0.113" classname="com.mycompany.module.MavenTest"/>
</testsuite> <!-- com.mycompany.module.MavenTest -->
