<?xml version="1.0" encoding="UTF-8"?>
<!-- Generated by org.testng.reporters.JUnitReportReporter -->
<testsuite hostname="DESKTOP-V5P9R53" failures="0" tests="1" name="com.mycompany.runner.RunTest" time="468.334" errors="0" timestamp="24 Jan 2023 06:06:43 GMT">
  <testcase classname="com.mycompany.runner.RunTest" name="runScenario" time="468.334"/>
</testsuite> <!-- com.mycompany.runner.RunTest -->
